2022-03-05 00:13:45 416  [main] INFO  com.ysj.project.ProjectApplication - Starting ProjectApplication using Java 11.0.11 on DESKTOP-DA92OJ6 with PID 6840 (D:\Developer\project\target\classes started by qsz78 in D:\Developer\project)
2022-03-05 00:13:45 422  [main] DEBUG com.ysj.project.ProjectApplication - Running with Spring Boot v2.6.4, Spring v5.3.16
2022-03-05 00:13:45 423  [main] INFO  com.ysj.project.ProjectApplication - No active profile set, falling back to 1 default profile: "default"
2022-03-05 00:13:45 740  [main] DEBUG o.m.s.b.a.MybatisAutoConfiguration - Searching for mappers annotated with @Mapper
2022-03-05 00:13:45 741  [main] DEBUG o.m.s.b.a.MybatisAutoConfiguration - Using auto-configuration base package 'com.ysj.project'
2022-03-05 00:13:45 828  [main] DEBUG o.apache.ibatis.logging.LogFactory - Logging initialized using 'class org.apache.ibatis.logging.slf4j.Slf4jImpl' adapter.
2022-03-05 00:13:45 830  [main] WARN  o.m.s.mapper.ClassPathMapperScanner - No MyBatis mapper was found in '[com.ysj.project]' package. Please check your configuration.
2022-03-05 00:13:45 1101 [main] INFO  o.a.coyote.http11.Http11NioProtocol - Initializing ProtocolHandler ["http-nio-8080"]
2022-03-05 00:13:45 1102 [main] INFO  o.a.catalina.core.StandardService - Starting service [Tomcat]
2022-03-05 00:13:45 1102 [main] INFO  o.a.catalina.core.StandardEngine - Starting Servlet engine: [Apache Tomcat/9.0.58]
2022-03-05 00:13:45 1165 [main] INFO  o.a.c.c.C.[Tomcat].[localhost].[/] - Initializing Spring embedded WebApplicationContext
2022-03-05 00:13:46 1266 [main] INFO  o.a.catalina.core.StandardService - Stopping service [Tomcat]
2022-03-05 00:17:16 414  [main] INFO  com.ysj.project.ProjectApplication - Starting ProjectApplication using Java 11.0.11 on DESKTOP-DA92OJ6 with PID 6580 (D:\Developer\project\target\classes started by qsz78 in D:\Developer\project)
2022-03-05 00:17:16 420  [main] DEBUG com.ysj.project.ProjectApplication - Running with Spring Boot v2.6.4, Spring v5.3.16
2022-03-05 00:17:16 420  [main] INFO  com.ysj.project.ProjectApplication - No active profile set, falling back to 1 default profile: "default"
2022-03-05 00:17:16 739  [main] DEBUG o.m.s.b.a.MybatisAutoConfiguration - Searching for mappers annotated with @Mapper
2022-03-05 00:17:16 739  [main] DEBUG o.m.s.b.a.MybatisAutoConfiguration - Using auto-configuration base package 'com.ysj.project'
2022-03-05 00:17:16 827  [main] DEBUG o.apache.ibatis.logging.LogFactory - Logging initialized using 'class org.apache.ibatis.logging.slf4j.Slf4jImpl' adapter.
2022-03-05 00:17:16 829  [main] WARN  o.m.s.mapper.ClassPathMapperScanner - No MyBatis mapper was found in '[com.ysj.project]' package. Please check your configuration.
2022-03-05 00:17:16 1101 [main] INFO  o.a.coyote.http11.Http11NioProtocol - Initializing ProtocolHandler ["http-nio-8080"]
2022-03-05 00:17:16 1101 [main] INFO  o.a.catalina.core.StandardService - Starting service [Tomcat]
2022-03-05 00:17:16 1101 [main] INFO  o.a.catalina.core.StandardEngine - Starting Servlet engine: [Apache Tomcat/9.0.58]
2022-03-05 00:17:17 1171 [main] INFO  o.a.c.c.C.[Tomcat].[localhost].[/] - Initializing Spring embedded WebApplicationContext
2022-03-05 00:17:17 1266 [main] INFO  o.a.catalina.core.StandardService - Stopping service [Tomcat]
2022-03-05 00:18:55 434  [main] INFO  com.ysj.project.ProjectApplication - Starting ProjectApplication using Java 11.0.11 on DESKTOP-DA92OJ6 with PID 1904 (D:\Developer\project\target\classes started by qsz78 in D:\Developer\project)
2022-03-05 00:18:55 440  [main] DEBUG com.ysj.project.ProjectApplication - Running with Spring Boot v2.6.4, Spring v5.3.16
2022-03-05 00:18:55 440  [main] INFO  com.ysj.project.ProjectApplication - No active profile set, falling back to 1 default profile: "default"
2022-03-05 00:18:55 756  [main] DEBUG o.m.s.b.a.MybatisAutoConfiguration - Searching for mappers annotated with @Mapper
2022-03-05 00:18:55 756  [main] DEBUG o.m.s.b.a.MybatisAutoConfiguration - Using auto-configuration base package 'com.ysj.project'
2022-03-05 00:18:55 845  [main] DEBUG o.apache.ibatis.logging.LogFactory - Logging initialized using 'class org.apache.ibatis.logging.slf4j.Slf4jImpl' adapter.
2022-03-05 00:18:55 847  [main] WARN  o.m.s.mapper.ClassPathMapperScanner - No MyBatis mapper was found in '[com.ysj.project]' package. Please check your configuration.
2022-03-05 00:18:55 1118 [main] INFO  o.a.coyote.http11.Http11NioProtocol - Initializing ProtocolHandler ["http-nio-8080"]
2022-03-05 00:18:55 1118 [main] INFO  o.a.catalina.core.StandardService - Starting service [Tomcat]
2022-03-05 00:18:55 1118 [main] INFO  o.a.catalina.core.StandardEngine - Starting Servlet engine: [Apache Tomcat/9.0.58]
2022-03-05 00:18:56 1181 [main] INFO  o.a.c.c.C.[Tomcat].[localhost].[/] - Initializing Spring embedded WebApplicationContext
2022-03-05 00:18:56 1279 [main] INFO  o.a.catalina.core.StandardService - Stopping service [Tomcat]
2022-03-05 00:23:41 430  [main] INFO  com.ysj.project.ProjectApplication - Starting ProjectApplication using Java 11.0.11 on DESKTOP-DA92OJ6 with PID 7328 (D:\Developer\project\target\classes started by qsz78 in D:\Developer\project)
2022-03-05 00:23:41 437  [main] DEBUG com.ysj.project.ProjectApplication - Running with Spring Boot v2.6.4, Spring v5.3.16
2022-03-05 00:23:41 437  [main] INFO  com.ysj.project.ProjectApplication - No active profile set, falling back to 1 default profile: "default"
2022-03-05 00:23:41 786  [main] DEBUG o.m.s.b.a.MybatisAutoConfiguration - Searching for mappers annotated with @Mapper
2022-03-05 00:23:41 787  [main] DEBUG o.m.s.b.a.MybatisAutoConfiguration - Using auto-configuration base package 'com.ysj.project'
2022-03-05 00:23:41 880  [main] DEBUG o.apache.ibatis.logging.LogFactory - Logging initialized using 'class org.apache.ibatis.logging.slf4j.Slf4jImpl' adapter.
2022-03-05 00:23:41 882  [main] WARN  o.m.s.mapper.ClassPathMapperScanner - No MyBatis mapper was found in '[com.ysj.project]' package. Please check your configuration.
2022-03-05 00:23:42 1173 [main] INFO  o.a.coyote.http11.Http11NioProtocol - Initializing ProtocolHandler ["http-nio-8080"]
2022-03-05 00:23:42 1174 [main] INFO  o.a.catalina.core.StandardService - Starting service [Tomcat]
2022-03-05 00:23:42 1174 [main] INFO  o.a.catalina.core.StandardEngine - Starting Servlet engine: [Apache Tomcat/9.0.58]
2022-03-05 00:23:42 1240 [main] INFO  o.a.c.c.C.[Tomcat].[localhost].[/] - Initializing Spring embedded WebApplicationContext
2022-03-05 00:23:42 1278 [main] INFO  o.a.catalina.core.StandardService - Stopping service [Tomcat]
2022-03-05 00:27:54 431  [main] INFO  com.ysj.project.ProjectApplication - Starting ProjectApplication using Java 11.0.11 on DESKTOP-DA92OJ6 with PID 8324 (D:\Developer\project\target\classes started by qsz78 in D:\Developer\project)
2022-03-05 00:27:54 438  [main] DEBUG com.ysj.project.ProjectApplication - Running with Spring Boot v2.6.4, Spring v5.3.16
2022-03-05 00:27:54 438  [main] INFO  com.ysj.project.ProjectApplication - No active profile set, falling back to 1 default profile: "default"
2022-03-05 00:27:55 773  [main] DEBUG o.m.s.b.a.MybatisAutoConfiguration - Searching for mappers annotated with @Mapper
2022-03-05 00:27:55 773  [main] DEBUG o.m.s.b.a.MybatisAutoConfiguration - Using auto-configuration base package 'com.ysj.project'
2022-03-05 00:27:55 862  [main] DEBUG o.apache.ibatis.logging.LogFactory - Logging initialized using 'class org.apache.ibatis.logging.slf4j.Slf4jImpl' adapter.
2022-03-05 00:27:55 864  [main] WARN  o.m.s.mapper.ClassPathMapperScanner - No MyBatis mapper was found in '[com.ysj.project]' package. Please check your configuration.
2022-03-05 00:27:55 1146 [main] INFO  o.a.coyote.http11.Http11NioProtocol - Initializing ProtocolHandler ["http-nio-8080"]
2022-03-05 00:27:55 1146 [main] INFO  o.a.catalina.core.StandardService - Starting service [Tomcat]
2022-03-05 00:27:55 1146 [main] INFO  o.a.catalina.core.StandardEngine - Starting Servlet engine: [Apache Tomcat/9.0.58]
2022-03-05 00:27:55 1213 [main] INFO  o.a.c.c.C.[Tomcat].[localhost].[/] - Initializing Spring embedded WebApplicationContext
2022-03-05 00:27:55 1307 [main] INFO  o.a.catalina.core.StandardService - Stopping service [Tomcat]
2022-03-05 00:29:06 428  [main] INFO  com.ysj.project.ProjectApplication - Starting ProjectApplication using Java 11.0.11 on DESKTOP-DA92OJ6 with PID 17716 (D:\Developer\project\target\classes started by qsz78 in D:\Developer\project)
2022-03-05 00:29:06 434  [main] DEBUG com.ysj.project.ProjectApplication - Running with Spring Boot v2.6.4, Spring v5.3.16
2022-03-05 00:29:06 434  [main] INFO  com.ysj.project.ProjectApplication - No active profile set, falling back to 1 default profile: "default"
2022-03-05 00:29:06 750  [main] DEBUG o.m.s.b.a.MybatisAutoConfiguration - Searching for mappers annotated with @Mapper
2022-03-05 00:29:06 751  [main] DEBUG o.m.s.b.a.MybatisAutoConfiguration - Using auto-configuration base package 'com.ysj.project'
2022-03-05 00:29:06 839  [main] DEBUG o.apache.ibatis.logging.LogFactory - Logging initialized using 'class org.apache.ibatis.logging.slf4j.Slf4jImpl' adapter.
2022-03-05 00:29:06 841  [main] WARN  o.m.s.mapper.ClassPathMapperScanner - No MyBatis mapper was found in '[com.ysj.project]' package. Please check your configuration.
2022-03-05 00:29:06 1115 [main] INFO  o.a.coyote.http11.Http11NioProtocol - Initializing ProtocolHandler ["http-nio-8080"]
2022-03-05 00:29:06 1115 [main] INFO  o.a.catalina.core.StandardService - Starting service [Tomcat]
2022-03-05 00:29:06 1115 [main] INFO  o.a.catalina.core.StandardEngine - Starting Servlet engine: [Apache Tomcat/9.0.58]
2022-03-05 00:29:06 1180 [main] INFO  o.a.c.c.C.[Tomcat].[localhost].[/] - Initializing Spring embedded WebApplicationContext
2022-03-05 00:29:06 1281 [main] INFO  o.a.catalina.core.StandardService - Stopping service [Tomcat]
2022-03-05 00:30:52 417  [main] INFO  com.ysj.project.ProjectApplication - Starting ProjectApplication using Java 11.0.11 on DESKTOP-DA92OJ6 with PID 824 (D:\Developer\project\target\classes started by qsz78 in D:\Developer\project)
2022-03-05 00:30:52 423  [main] DEBUG com.ysj.project.ProjectApplication - Running with Spring Boot v2.6.4, Spring v5.3.16
2022-03-05 00:30:52 424  [main] INFO  com.ysj.project.ProjectApplication - No active profile set, falling back to 1 default profile: "default"
2022-03-05 00:30:52 733  [main] DEBUG o.m.s.b.a.MybatisAutoConfiguration - Searching for mappers annotated with @Mapper
2022-03-05 00:30:52 733  [main] DEBUG o.m.s.b.a.MybatisAutoConfiguration - Using auto-configuration base package 'com.ysj.project'
2022-03-05 00:30:52 821  [main] DEBUG o.apache.ibatis.logging.LogFactory - Logging initialized using 'class org.apache.ibatis.logging.slf4j.Slf4jImpl' adapter.
2022-03-05 00:30:52 823  [main] WARN  o.m.s.mapper.ClassPathMapperScanner - No MyBatis mapper was found in '[com.ysj.project]' package. Please check your configuration.
2022-03-05 00:30:53 1099 [main] INFO  o.a.coyote.http11.Http11NioProtocol - Initializing ProtocolHandler ["http-nio-8080"]
2022-03-05 00:30:53 1100 [main] INFO  o.a.catalina.core.StandardService - Starting service [Tomcat]
2022-03-05 00:30:53 1100 [main] INFO  o.a.catalina.core.StandardEngine - Starting Servlet engine: [Apache Tomcat/9.0.58]
2022-03-05 00:30:53 1168 [main] INFO  o.a.c.c.C.[Tomcat].[localhost].[/] - Initializing Spring embedded WebApplicationContext
2022-03-05 00:30:53 1261 [main] INFO  o.a.catalina.core.StandardService - Stopping service [Tomcat]
2022-03-05 00:31:04 418  [main] INFO  com.ysj.project.ProjectApplication - Starting ProjectApplication using Java 11.0.11 on DESKTOP-DA92OJ6 with PID 7388 (D:\Developer\project\target\classes started by qsz78 in D:\Developer\project)
2022-03-05 00:31:04 424  [main] DEBUG com.ysj.project.ProjectApplication - Running with Spring Boot v2.6.4, Spring v5.3.16
2022-03-05 00:31:04 424  [main] INFO  com.ysj.project.ProjectApplication - No active profile set, falling back to 1 default profile: "default"
2022-03-05 00:31:05 739  [main] DEBUG o.m.s.b.a.MybatisAutoConfiguration - Searching for mappers annotated with @Mapper
2022-03-05 00:31:05 740  [main] DEBUG o.m.s.b.a.MybatisAutoConfiguration - Using auto-configuration base package 'com.ysj.project'
2022-03-05 00:31:05 828  [main] DEBUG o.apache.ibatis.logging.LogFactory - Logging initialized using 'class org.apache.ibatis.logging.slf4j.Slf4jImpl' adapter.
2022-03-05 00:31:05 830  [main] WARN  o.m.s.mapper.ClassPathMapperScanner - No MyBatis mapper was found in '[com.ysj.project]' package. Please check your configuration.
2022-03-05 00:31:05 1106 [main] INFO  o.a.coyote.http11.Http11NioProtocol - Initializing ProtocolHandler ["http-nio-8080"]
2022-03-05 00:31:05 1106 [main] INFO  o.a.catalina.core.StandardService - Starting service [Tomcat]
2022-03-05 00:31:05 1106 [main] INFO  o.a.catalina.core.StandardEngine - Starting Servlet engine: [Apache Tomcat/9.0.58]
2022-03-05 00:31:05 1171 [main] INFO  o.a.c.c.C.[Tomcat].[localhost].[/] - Initializing Spring embedded WebApplicationContext
2022-03-05 00:31:05 1271 [main] INFO  o.a.catalina.core.StandardService - Stopping service [Tomcat]
2022-03-05 00:32:15 424  [main] INFO  com.ysj.project.ProjectApplication - Starting ProjectApplication using Java 11.0.11 on DESKTOP-DA92OJ6 with PID 8352 (D:\Developer\project\target\classes started by qsz78 in D:\Developer\project)
2022-03-05 00:32:15 431  [main] DEBUG com.ysj.project.ProjectApplication - Running with Spring Boot v2.6.4, Spring v5.3.16
2022-03-05 00:32:15 432  [main] INFO  com.ysj.project.ProjectApplication - No active profile set, falling back to 1 default profile: "default"
2022-03-05 00:32:16 753  [main] DEBUG o.m.s.b.a.MybatisAutoConfiguration - Searching for mappers annotated with @Mapper
2022-03-05 00:32:16 753  [main] DEBUG o.m.s.b.a.MybatisAutoConfiguration - Using auto-configuration base package 'com.ysj.project'
2022-03-05 00:32:16 845  [main] DEBUG o.apache.ibatis.logging.LogFactory - Logging initialized using 'class org.apache.ibatis.logging.slf4j.Slf4jImpl' adapter.
2022-03-05 00:32:16 847  [main] WARN  o.m.s.mapper.ClassPathMapperScanner - No MyBatis mapper was found in '[com.ysj.project]' package. Please check your configuration.
2022-03-05 00:32:16 1119 [main] INFO  o.a.coyote.http11.Http11NioProtocol - Initializing ProtocolHandler ["http-nio-8080"]
2022-03-05 00:32:16 1119 [main] INFO  o.a.catalina.core.StandardService - Starting service [Tomcat]
2022-03-05 00:32:16 1119 [main] INFO  o.a.catalina.core.StandardEngine - Starting Servlet engine: [Apache Tomcat/9.0.58]
2022-03-05 00:32:16 1182 [main] INFO  o.a.c.c.C.[Tomcat].[localhost].[/] - Initializing Spring embedded WebApplicationContext
2022-03-05 00:32:16 1275 [main] INFO  o.a.catalina.core.StandardService - Stopping service [Tomcat]
2022-03-05 00:33:38 418  [main] INFO  com.ysj.project.ProjectApplication - Starting ProjectApplication using Java 11.0.11 on DESKTOP-DA92OJ6 with PID 10160 (D:\Developer\project\target\classes started by qsz78 in D:\Developer\project)
2022-03-05 00:33:38 424  [main] DEBUG com.ysj.project.ProjectApplication - Running with Spring Boot v2.6.4, Spring v5.3.16
2022-03-05 00:33:38 425  [main] INFO  com.ysj.project.ProjectApplication - No active profile set, falling back to 1 default profile: "default"
2022-03-05 00:33:39 731  [main] DEBUG o.m.s.b.a.MybatisAutoConfiguration - Searching for mappers annotated with @Mapper
2022-03-05 00:33:39 731  [main] DEBUG o.m.s.b.a.MybatisAutoConfiguration - Using auto-configuration base package 'com.ysj.project'
2022-03-05 00:33:39 819  [main] DEBUG o.apache.ibatis.logging.LogFactory - Logging initialized using 'class org.apache.ibatis.logging.slf4j.Slf4jImpl' adapter.
2022-03-05 00:33:39 821  [main] WARN  o.m.s.mapper.ClassPathMapperScanner - No MyBatis mapper was found in '[com.ysj.project]' package. Please check your configuration.
2022-03-05 00:33:39 1093 [main] INFO  o.a.coyote.http11.Http11NioProtocol - Initializing ProtocolHandler ["http-nio-8080"]
2022-03-05 00:33:39 1094 [main] INFO  o.a.catalina.core.StandardService - Starting service [Tomcat]
2022-03-05 00:33:39 1094 [main] INFO  o.a.catalina.core.StandardEngine - Starting Servlet engine: [Apache Tomcat/9.0.58]
2022-03-05 00:33:39 1157 [main] INFO  o.a.c.c.C.[Tomcat].[localhost].[/] - Initializing Spring embedded WebApplicationContext
2022-03-05 00:33:39 1254 [main] INFO  o.a.catalina.core.StandardService - Stopping service [Tomcat]
2022-03-05 00:34:44 421  [main] INFO  com.ysj.project.ProjectApplication - Starting ProjectApplication using Java 11.0.11 on DESKTOP-DA92OJ6 with PID 11840 (D:\Developer\project\target\classes started by qsz78 in D:\Developer\project)
2022-03-05 00:34:44 428  [main] DEBUG com.ysj.project.ProjectApplication - Running with Spring Boot v2.6.4, Spring v5.3.16
2022-03-05 00:34:44 428  [main] INFO  com.ysj.project.ProjectApplication - No active profile set, falling back to 1 default profile: "default"
2022-03-05 00:34:45 742  [main] DEBUG o.m.s.b.a.MybatisAutoConfiguration - Searching for mappers annotated with @Mapper
2022-03-05 00:34:45 742  [main] DEBUG o.m.s.b.a.MybatisAutoConfiguration - Using auto-configuration base package 'com.ysj.project'
2022-03-05 00:34:45 828  [main] DEBUG o.apache.ibatis.logging.LogFactory - Logging initialized using 'class org.apache.ibatis.logging.slf4j.Slf4jImpl' adapter.
2022-03-05 00:34:45 830  [main] WARN  o.m.s.mapper.ClassPathMapperScanner - No MyBatis mapper was found in '[com.ysj.project]' package. Please check your configuration.
2022-03-05 00:34:45 1100 [main] INFO  o.a.coyote.http11.Http11NioProtocol - Initializing ProtocolHandler ["http-nio-8080"]
2022-03-05 00:34:45 1100 [main] INFO  o.a.catalina.core.StandardService - Starting service [Tomcat]
2022-03-05 00:34:45 1100 [main] INFO  o.a.catalina.core.StandardEngine - Starting Servlet engine: [Apache Tomcat/9.0.58]
2022-03-05 00:34:45 1164 [main] INFO  o.a.c.c.C.[Tomcat].[localhost].[/] - Initializing Spring embedded WebApplicationContext
2022-03-05 00:34:45 1263 [main] INFO  o.a.catalina.core.StandardService - Stopping service [Tomcat]
2022-03-05 00:36:34 419  [main] INFO  com.ysj.project.ProjectApplication - Starting ProjectApplication using Java 11.0.11 on DESKTOP-DA92OJ6 with PID 5492 (D:\Developer\project\target\classes started by qsz78 in D:\Developer\project)
2022-03-05 00:36:34 426  [main] DEBUG com.ysj.project.ProjectApplication - Running with Spring Boot v2.6.4, Spring v5.3.16
2022-03-05 00:36:34 426  [main] INFO  com.ysj.project.ProjectApplication - No active profile set, falling back to 1 default profile: "default"
2022-03-05 00:36:34 741  [main] DEBUG o.m.s.b.a.MybatisAutoConfiguration - Searching for mappers annotated with @Mapper
2022-03-05 00:36:34 741  [main] DEBUG o.m.s.b.a.MybatisAutoConfiguration - Using auto-configuration base package 'com.ysj.project'
2022-03-05 00:36:34 828  [main] DEBUG o.apache.ibatis.logging.LogFactory - Logging initialized using 'class org.apache.ibatis.logging.slf4j.Slf4jImpl' adapter.
2022-03-05 00:36:34 830  [main] WARN  o.m.s.mapper.ClassPathMapperScanner - No MyBatis mapper was found in '[com.ysj.project]' package. Please check your configuration.
2022-03-05 00:36:35 1095 [main] INFO  o.a.coyote.http11.Http11NioProtocol - Initializing ProtocolHandler ["http-nio-8080"]
2022-03-05 00:36:35 1096 [main] INFO  o.a.catalina.core.StandardService - Starting service [Tomcat]
2022-03-05 00:36:35 1096 [main] INFO  o.a.catalina.core.StandardEngine - Starting Servlet engine: [Apache Tomcat/9.0.58]
2022-03-05 00:36:35 1166 [main] INFO  o.a.c.c.C.[Tomcat].[localhost].[/] - Initializing Spring embedded WebApplicationContext
2022-03-05 00:36:35 1260 [main] INFO  o.a.catalina.core.StandardService - Stopping service [Tomcat]
