2022-03-05 00:42:55 422  [main] INFO  com.ysj.project.ProjectApplication - Starting ProjectApplication using Java 11.0.11 on DESKTOP-DA92OJ6 with PID 5436 (D:\Developer\project\target\classes started by qsz78 in D:\Developer\project)
2022-03-05 00:42:55 428  [main] DEBUG com.ysj.project.ProjectApplication - Running with Spring Boot v2.6.4, Spring v5.3.16
2022-03-05 00:42:55 429  [main] INFO  com.ysj.project.ProjectApplication - No active profile set, falling back to 1 default profile: "default"
2022-03-05 00:42:55 741  [main] DEBUG o.m.s.b.a.MybatisAutoConfiguration - Searching for mappers annotated with @Mapper
2022-03-05 00:42:55 742  [main] DEBUG o.m.s.b.a.MybatisAutoConfiguration - Using auto-configuration base package 'com.ysj.project'
2022-03-05 00:42:55 830  [main] DEBUG o.apache.ibatis.logging.LogFactory - Logging initialized using 'class org.apache.ibatis.logging.slf4j.Slf4jImpl' adapter.
2022-03-05 00:42:55 832  [main] WARN  o.m.s.mapper.ClassPathMapperScanner - No MyBatis mapper was found in '[com.ysj.project]' package. Please check your configuration.
2022-03-05 00:42:55 1106 [main] INFO  o.a.coyote.http11.Http11NioProtocol - Initializing ProtocolHandler ["http-nio-8080"]
2022-03-05 00:42:55 1106 [main] INFO  o.a.catalina.core.StandardService - Starting service [Tomcat]
2022-03-05 00:42:55 1106 [main] INFO  o.a.catalina.core.StandardEngine - Starting Servlet engine: [Apache Tomcat/9.0.58]
2022-03-05 00:42:56 1170 [main] INFO  o.a.c.c.C.[Tomcat].[localhost].[/] - Initializing Spring embedded WebApplicationContext
2022-03-05 00:42:56 1270 [main] INFO  o.a.catalina.core.StandardService - Stopping service [Tomcat]
2022-03-05 00:45:37 421  [main] INFO  com.ysj.project.ProjectApplication - Starting ProjectApplication using Java 11.0.11 on DESKTOP-DA92OJ6 with PID 17880 (D:\Developer\project\target\classes started by qsz78 in D:\Developer\project)
2022-03-05 00:45:37 428  [main] DEBUG com.ysj.project.ProjectApplication - Running with Spring Boot v2.6.4, Spring v5.3.16
2022-03-05 00:45:37 428  [main] INFO  com.ysj.project.ProjectApplication - No active profile set, falling back to 1 default profile: "default"
2022-03-05 00:45:37 741  [main] DEBUG o.m.s.b.a.MybatisAutoConfiguration - Searching for mappers annotated with @Mapper
2022-03-05 00:45:37 741  [main] DEBUG o.m.s.b.a.MybatisAutoConfiguration - Using auto-configuration base package 'com.ysj.project'
2022-03-05 00:45:37 833  [main] DEBUG o.apache.ibatis.logging.LogFactory - Logging initialized using 'class org.apache.ibatis.logging.slf4j.Slf4jImpl' adapter.
2022-03-05 00:45:37 835  [main] WARN  o.m.s.mapper.ClassPathMapperScanner - No MyBatis mapper was found in '[com.ysj.project]' package. Please check your configuration.
2022-03-05 00:45:38 1106 [main] INFO  o.a.coyote.http11.Http11NioProtocol - Initializing ProtocolHandler ["http-nio-8080"]
2022-03-05 00:45:38 1106 [main] INFO  o.a.catalina.core.StandardService - Starting service [Tomcat]
2022-03-05 00:45:38 1107 [main] INFO  o.a.catalina.core.StandardEngine - Starting Servlet engine: [Apache Tomcat/9.0.58]
2022-03-05 00:45:38 1178 [main] INFO  o.a.c.c.C.[Tomcat].[localhost].[/] - Initializing Spring embedded WebApplicationContext
2022-03-05 00:45:38 1276 [main] INFO  o.a.catalina.core.StandardService - Stopping service [Tomcat]
2022-03-05 00:49:03 425  [main] INFO  com.ysj.project.ProjectApplication - Starting ProjectApplication using Java 11.0.11 on DESKTOP-DA92OJ6 with PID 9884 (D:\Developer\project\target\classes started by qsz78 in D:\Developer\project)
2022-03-05 00:49:03 431  [main] DEBUG com.ysj.project.ProjectApplication - Running with Spring Boot v2.6.4, Spring v5.3.16
2022-03-05 00:49:03 432  [main] INFO  com.ysj.project.ProjectApplication - No active profile set, falling back to 1 default profile: "default"
2022-03-05 00:49:03 751  [main] DEBUG o.m.s.b.a.MybatisAutoConfiguration - Searching for mappers annotated with @Mapper
2022-03-05 00:49:03 752  [main] DEBUG o.m.s.b.a.MybatisAutoConfiguration - Using auto-configuration base package 'com.ysj.project'
2022-03-05 00:49:03 842  [main] DEBUG o.apache.ibatis.logging.LogFactory - Logging initialized using 'class org.apache.ibatis.logging.slf4j.Slf4jImpl' adapter.
2022-03-05 00:49:03 844  [main] WARN  o.m.s.mapper.ClassPathMapperScanner - No MyBatis mapper was found in '[com.ysj.project]' package. Please check your configuration.
2022-03-05 00:49:04 1113 [main] INFO  o.a.coyote.http11.Http11NioProtocol - Initializing ProtocolHandler ["http-nio-8080"]
2022-03-05 00:49:04 1113 [main] INFO  o.a.catalina.core.StandardService - Starting service [Tomcat]
2022-03-05 00:49:04 1113 [main] INFO  o.a.catalina.core.StandardEngine - Starting Servlet engine: [Apache Tomcat/9.0.58]
2022-03-05 00:49:04 1177 [main] INFO  o.a.c.c.C.[Tomcat].[localhost].[/] - Initializing Spring embedded WebApplicationContext
2022-03-05 00:49:04 1279 [main] INFO  o.a.catalina.core.StandardService - Stopping service [Tomcat]
2022-03-05 00:49:57 408  [main] INFO  com.ysj.project.ProjectApplication - Starting ProjectApplication using Java 11.0.11 on DESKTOP-DA92OJ6 with PID 7012 (D:\Developer\project\target\classes started by qsz78 in D:\Developer\project)
2022-03-05 00:49:57 414  [main] DEBUG com.ysj.project.ProjectApplication - Running with Spring Boot v2.6.4, Spring v5.3.16
2022-03-05 00:49:57 414  [main] INFO  com.ysj.project.ProjectApplication - No active profile set, falling back to 1 default profile: "default"
2022-03-05 00:49:57 725  [main] DEBUG o.m.s.b.a.MybatisAutoConfiguration - Searching for mappers annotated with @Mapper
2022-03-05 00:49:57 726  [main] DEBUG o.m.s.b.a.MybatisAutoConfiguration - Using auto-configuration base package 'com.ysj.project'
2022-03-05 00:49:57 815  [main] DEBUG o.apache.ibatis.logging.LogFactory - Logging initialized using 'class org.apache.ibatis.logging.slf4j.Slf4jImpl' adapter.
2022-03-05 00:49:57 817  [main] WARN  o.m.s.mapper.ClassPathMapperScanner - No MyBatis mapper was found in '[com.ysj.project]' package. Please check your configuration.
2022-03-05 00:49:57 1084 [main] INFO  o.a.coyote.http11.Http11NioProtocol - Initializing ProtocolHandler ["http-nio-8080"]
2022-03-05 00:49:57 1084 [main] INFO  o.a.catalina.core.StandardService - Starting service [Tomcat]
2022-03-05 00:49:57 1084 [main] INFO  o.a.catalina.core.StandardEngine - Starting Servlet engine: [Apache Tomcat/9.0.58]
2022-03-05 00:49:57 1153 [main] INFO  o.a.c.c.C.[Tomcat].[localhost].[/] - Initializing Spring embedded WebApplicationContext
2022-03-05 00:49:57 1246 [main] INFO  o.a.catalina.core.StandardService - Stopping service [Tomcat]
2022-03-05 00:55:39 422  [main] INFO  com.ysj.project.ProjectApplication - Starting ProjectApplication using Java 11.0.11 on DESKTOP-DA92OJ6 with PID 5428 (D:\Developer\project\target\classes started by qsz78 in D:\Developer\project)
2022-03-05 00:55:39 428  [main] DEBUG com.ysj.project.ProjectApplication - Running with Spring Boot v2.6.4, Spring v5.3.16
2022-03-05 00:55:39 429  [main] INFO  com.ysj.project.ProjectApplication - No active profile set, falling back to 1 default profile: "default"
2022-03-05 00:55:40 742  [main] DEBUG o.m.s.b.a.MybatisAutoConfiguration - Searching for mappers annotated with @Mapper
2022-03-05 00:55:40 742  [main] DEBUG o.m.s.b.a.MybatisAutoConfiguration - Using auto-configuration base package 'com.ysj.project'
2022-03-05 00:55:40 831  [main] DEBUG o.apache.ibatis.logging.LogFactory - Logging initialized using 'class org.apache.ibatis.logging.slf4j.Slf4jImpl' adapter.
2022-03-05 00:55:40 833  [main] WARN  o.m.s.mapper.ClassPathMapperScanner - No MyBatis mapper was found in '[com.ysj.project]' package. Please check your configuration.
2022-03-05 00:55:40 1106 [main] INFO  o.a.coyote.http11.Http11NioProtocol - Initializing ProtocolHandler ["http-nio-8080"]
2022-03-05 00:55:40 1107 [main] INFO  o.a.catalina.core.StandardService - Starting service [Tomcat]
2022-03-05 00:55:40 1107 [main] INFO  o.a.catalina.core.StandardEngine - Starting Servlet engine: [Apache Tomcat/9.0.58]
2022-03-05 00:55:40 1171 [main] INFO  o.a.c.c.C.[Tomcat].[localhost].[/] - Initializing Spring embedded WebApplicationContext
2022-03-05 00:55:40 1272 [main] INFO  o.a.catalina.core.StandardService - Stopping service [Tomcat]
2022-03-05 00:57:03 412  [main] INFO  com.ysj.project.ProjectApplication - Starting ProjectApplication using Java 11.0.11 on DESKTOP-DA92OJ6 with PID 16912 (D:\Developer\project\target\classes started by qsz78 in D:\Developer\project)
2022-03-05 00:57:03 419  [main] DEBUG com.ysj.project.ProjectApplication - Running with Spring Boot v2.6.4, Spring v5.3.16
2022-03-05 00:57:03 419  [main] INFO  com.ysj.project.ProjectApplication - No active profile set, falling back to 1 default profile: "default"
2022-03-05 00:57:03 736  [main] DEBUG o.m.s.b.a.MybatisAutoConfiguration - Searching for mappers annotated with @Mapper
2022-03-05 00:57:03 736  [main] DEBUG o.m.s.b.a.MybatisAutoConfiguration - Using auto-configuration base package 'com.ysj.project'
2022-03-05 00:57:04 823  [main] DEBUG o.apache.ibatis.logging.LogFactory - Logging initialized using 'class org.apache.ibatis.logging.slf4j.Slf4jImpl' adapter.
2022-03-05 00:57:04 825  [main] WARN  o.m.s.mapper.ClassPathMapperScanner - No MyBatis mapper was found in '[com.ysj.project]' package. Please check your configuration.
2022-03-05 00:57:04 1086 [main] INFO  o.a.coyote.http11.Http11NioProtocol - Initializing ProtocolHandler ["http-nio-8080"]
2022-03-05 00:57:04 1087 [main] INFO  o.a.catalina.core.StandardService - Starting service [Tomcat]
2022-03-05 00:57:04 1087 [main] INFO  o.a.catalina.core.StandardEngine - Starting Servlet engine: [Apache Tomcat/9.0.58]
2022-03-05 00:57:04 1153 [main] INFO  o.a.c.c.C.[Tomcat].[localhost].[/] - Initializing Spring embedded WebApplicationContext
2022-03-05 00:57:04 1259 [main] INFO  o.a.catalina.core.StandardService - Stopping service [Tomcat]
2022-03-05 00:57:31 429  [main] INFO  com.ysj.project.ProjectApplication - Starting ProjectApplication using Java 11.0.11 on DESKTOP-DA92OJ6 with PID 12036 (D:\Developer\project\target\classes started by qsz78 in D:\Developer\project)
2022-03-05 00:57:31 436  [main] DEBUG com.ysj.project.ProjectApplication - Running with Spring Boot v2.6.4, Spring v5.3.16
2022-03-05 00:57:31 436  [main] INFO  com.ysj.project.ProjectApplication - No active profile set, falling back to 1 default profile: "default"
2022-03-05 00:57:31 756  [main] DEBUG o.m.s.b.a.MybatisAutoConfiguration - Searching for mappers annotated with @Mapper
2022-03-05 00:57:31 757  [main] DEBUG o.m.s.b.a.MybatisAutoConfiguration - Using auto-configuration base package 'com.ysj.project'
2022-03-05 00:57:31 846  [main] DEBUG o.apache.ibatis.logging.LogFactory - Logging initialized using 'class org.apache.ibatis.logging.slf4j.Slf4jImpl' adapter.
2022-03-05 00:57:31 848  [main] WARN  o.m.s.mapper.ClassPathMapperScanner - No MyBatis mapper was found in '[com.ysj.project]' package. Please check your configuration.
2022-03-05 00:57:31 1121 [main] INFO  o.a.coyote.http11.Http11NioProtocol - Initializing ProtocolHandler ["http-nio-8080"]
2022-03-05 00:57:31 1121 [main] INFO  o.a.catalina.core.StandardService - Starting service [Tomcat]
2022-03-05 00:57:31 1121 [main] INFO  o.a.catalina.core.StandardEngine - Starting Servlet engine: [Apache Tomcat/9.0.58]
2022-03-05 00:57:31 1187 [main] INFO  o.a.c.c.C.[Tomcat].[localhost].[/] - Initializing Spring embedded WebApplicationContext
2022-03-05 00:57:31 1288 [main] INFO  o.a.catalina.core.StandardService - Stopping service [Tomcat]
2022-03-05 01:01:54 425  [main] INFO  com.ysj.project.ProjectApplication - Starting ProjectApplication using Java 11.0.11 on DESKTOP-DA92OJ6 with PID 13492 (D:\Developer\project\target\classes started by qsz78 in D:\Developer\project)
2022-03-05 01:01:54 431  [main] DEBUG com.ysj.project.ProjectApplication - Running with Spring Boot v2.6.4, Spring v5.3.16
2022-03-05 01:01:54 432  [main] INFO  com.ysj.project.ProjectApplication - No active profile set, falling back to 1 default profile: "default"
2022-03-05 01:01:54 749  [main] DEBUG o.m.s.b.a.MybatisAutoConfiguration - Searching for mappers annotated with @Mapper
2022-03-05 01:01:54 750  [main] DEBUG o.m.s.b.a.MybatisAutoConfiguration - Using auto-configuration base package 'com.ysj.project'
2022-03-05 01:01:54 838  [main] DEBUG o.apache.ibatis.logging.LogFactory - Logging initialized using 'class org.apache.ibatis.logging.slf4j.Slf4jImpl' adapter.
2022-03-05 01:01:54 840  [main] WARN  o.m.s.mapper.ClassPathMapperScanner - No MyBatis mapper was found in '[com.ysj.project]' package. Please check your configuration.
2022-03-05 01:01:55 1106 [main] INFO  o.a.coyote.http11.Http11NioProtocol - Initializing ProtocolHandler ["http-nio-8080"]
2022-03-05 01:01:55 1107 [main] INFO  o.a.catalina.core.StandardService - Starting service [Tomcat]
2022-03-05 01:01:55 1107 [main] INFO  o.a.catalina.core.StandardEngine - Starting Servlet engine: [Apache Tomcat/9.0.58]
2022-03-05 01:01:55 1178 [main] INFO  o.a.c.c.C.[Tomcat].[localhost].[/] - Initializing Spring embedded WebApplicationContext
2022-03-05 01:01:55 1218 [main] INFO  o.a.catalina.core.StandardService - Stopping service [Tomcat]
2022-03-05 10:42:22 459  [main] INFO  com.ysj.project.ProjectApplication - Starting ProjectApplication using Java 11.0.11 on DESKTOP-DA92OJ6 with PID 15248 (D:\Developer\project\target\classes started by qsz78 in D:\Developer\project)
2022-03-05 10:42:22 492  [main] DEBUG com.ysj.project.ProjectApplication - Running with Spring Boot v2.6.4, Spring v5.3.16
2022-03-05 10:42:22 492  [main] INFO  com.ysj.project.ProjectApplication - No active profile set, falling back to 1 default profile: "default"
2022-03-05 10:42:23 879  [main] DEBUG o.m.s.b.a.MybatisAutoConfiguration - Searching for mappers annotated with @Mapper
2022-03-05 10:42:23 881  [main] DEBUG o.m.s.b.a.MybatisAutoConfiguration - Using auto-configuration base package 'com.ysj.project'
2022-03-05 10:42:23 982  [main] DEBUG o.apache.ibatis.logging.LogFactory - Logging initialized using 'class org.apache.ibatis.logging.slf4j.Slf4jImpl' adapter.
2022-03-05 10:42:23 985  [main] WARN  o.m.s.mapper.ClassPathMapperScanner - No MyBatis mapper was found in '[com.ysj.project]' package. Please check your configuration.
2022-03-05 10:42:23 1389 [main] INFO  o.a.coyote.http11.Http11NioProtocol - Initializing ProtocolHandler ["http-nio-8080"]
2022-03-05 10:42:23 1390 [main] INFO  o.a.catalina.core.StandardService - Starting service [Tomcat]
2022-03-05 10:42:23 1390 [main] INFO  o.a.catalina.core.StandardEngine - Starting Servlet engine: [Apache Tomcat/9.0.58]
2022-03-05 10:42:23 1484 [main] INFO  o.a.c.c.C.[Tomcat].[localhost].[/] - Initializing Spring embedded WebApplicationContext
2022-03-05 10:42:23 1533 [main] INFO  o.a.catalina.core.StandardService - Stopping service [Tomcat]
2022-03-05 10:46:58 430  [main] INFO  com.ysj.project.ProjectApplication - Starting ProjectApplication using Java 11.0.11 on DESKTOP-DA92OJ6 with PID 15300 (D:\Developer\project\target\classes started by qsz78 in D:\Developer\project)
2022-03-05 10:46:58 436  [main] DEBUG com.ysj.project.ProjectApplication - Running with Spring Boot v2.6.4, Spring v5.3.16
2022-03-05 10:46:58 437  [main] INFO  com.ysj.project.ProjectApplication - No active profile set, falling back to 1 default profile: "default"
2022-03-05 10:46:59 765  [main] DEBUG o.m.s.b.a.MybatisAutoConfiguration - Searching for mappers annotated with @Mapper
2022-03-05 10:46:59 765  [main] DEBUG o.m.s.b.a.MybatisAutoConfiguration - Using auto-configuration base package 'com.ysj.project'
2022-03-05 10:46:59 856  [main] DEBUG o.apache.ibatis.logging.LogFactory - Logging initialized using 'class org.apache.ibatis.logging.slf4j.Slf4jImpl' adapter.
2022-03-05 10:46:59 858  [main] WARN  o.m.s.mapper.ClassPathMapperScanner - No MyBatis mapper was found in '[com.ysj.project]' package. Please check your configuration.
2022-03-05 10:46:59 1136 [main] INFO  o.a.coyote.http11.Http11NioProtocol - Initializing ProtocolHandler ["http-nio-8080"]
2022-03-05 10:46:59 1137 [main] INFO  o.a.catalina.core.StandardService - Starting service [Tomcat]
2022-03-05 10:46:59 1137 [main] INFO  o.a.catalina.core.StandardEngine - Starting Servlet engine: [Apache Tomcat/9.0.58]
2022-03-05 10:46:59 1201 [main] INFO  o.a.c.c.C.[Tomcat].[localhost].[/] - Initializing Spring embedded WebApplicationContext
2022-03-05 10:46:59 1305 [main] INFO  o.a.catalina.core.StandardService - Stopping service [Tomcat]
2022-03-05 10:48:42 417  [main] INFO  com.ysj.project.ProjectApplication - Starting ProjectApplication using Java 11.0.11 on DESKTOP-DA92OJ6 with PID 15780 (D:\Developer\project\target\classes started by qsz78 in D:\Developer\project)
2022-03-05 10:48:42 423  [main] DEBUG com.ysj.project.ProjectApplication - Running with Spring Boot v2.6.4, Spring v5.3.16
2022-03-05 10:48:42 424  [main] INFO  com.ysj.project.ProjectApplication - No active profile set, falling back to 1 default profile: "default"
2022-03-05 10:48:43 745  [main] DEBUG o.m.s.b.a.MybatisAutoConfiguration - Searching for mappers annotated with @Mapper
2022-03-05 10:48:43 746  [main] DEBUG o.m.s.b.a.MybatisAutoConfiguration - Using auto-configuration base package 'com.ysj.project'
2022-03-05 10:48:43 832  [main] DEBUG o.apache.ibatis.logging.LogFactory - Logging initialized using 'class org.apache.ibatis.logging.slf4j.Slf4jImpl' adapter.
2022-03-05 10:48:43 833  [main] WARN  o.m.s.mapper.ClassPathMapperScanner - No MyBatis mapper was found in '[com.ysj.project]' package. Please check your configuration.
2022-03-05 10:48:43 1101 [main] INFO  o.a.coyote.http11.Http11NioProtocol - Initializing ProtocolHandler ["http-nio-8080"]
2022-03-05 10:48:43 1102 [main] INFO  o.a.catalina.core.StandardService - Starting service [Tomcat]
2022-03-05 10:48:43 1102 [main] INFO  o.a.catalina.core.StandardEngine - Starting Servlet engine: [Apache Tomcat/9.0.58]
2022-03-05 10:48:43 1173 [main] INFO  o.a.c.c.C.[Tomcat].[localhost].[/] - Initializing Spring embedded WebApplicationContext
2022-03-05 10:48:43 1265 [main] INFO  o.a.catalina.core.StandardService - Stopping service [Tomcat]
2022-03-05 10:51:36 421  [main] INFO  com.ysj.project.ProjectApplication - Starting ProjectApplication using Java 11.0.11 on DESKTOP-DA92OJ6 with PID 16008 (D:\Developer\project\target\classes started by qsz78 in D:\Developer\project)
2022-03-05 10:51:36 427  [main] DEBUG com.ysj.project.ProjectApplication - Running with Spring Boot v2.6.4, Spring v5.3.16
2022-03-05 10:51:36 427  [main] INFO  com.ysj.project.ProjectApplication - No active profile set, falling back to 1 default profile: "default"
2022-03-05 10:51:36 741  [main] DEBUG o.m.s.b.a.MybatisAutoConfiguration - Searching for mappers annotated with @Mapper
2022-03-05 10:51:36 741  [main] DEBUG o.m.s.b.a.MybatisAutoConfiguration - Using auto-configuration base package 'com.ysj.project'
2022-03-05 10:51:36 830  [main] DEBUG o.apache.ibatis.logging.LogFactory - Logging initialized using 'class org.apache.ibatis.logging.slf4j.Slf4jImpl' adapter.
2022-03-05 10:51:36 832  [main] WARN  o.m.s.mapper.ClassPathMapperScanner - No MyBatis mapper was found in '[com.ysj.project]' package. Please check your configuration.
2022-03-05 10:51:37 1108 [main] INFO  o.a.coyote.http11.Http11NioProtocol - Initializing ProtocolHandler ["http-nio-8080"]
2022-03-05 10:51:37 1108 [main] INFO  o.a.catalina.core.StandardService - Starting service [Tomcat]
2022-03-05 10:51:37 1108 [main] INFO  o.a.catalina.core.StandardEngine - Starting Servlet engine: [Apache Tomcat/9.0.58]
2022-03-05 10:51:37 1181 [main] INFO  o.a.c.c.C.[Tomcat].[localhost].[/] - Initializing Spring embedded WebApplicationContext
2022-03-05 10:51:37 1287 [main] INFO  o.a.catalina.core.StandardService - Stopping service [Tomcat]
2022-03-05 10:51:55 423  [main] INFO  com.ysj.project.ProjectApplication - Starting ProjectApplication using Java 11.0.11 on DESKTOP-DA92OJ6 with PID 16556 (D:\Developer\project\target\classes started by qsz78 in D:\Developer\project)
2022-03-05 10:51:55 429  [main] DEBUG com.ysj.project.ProjectApplication - Running with Spring Boot v2.6.4, Spring v5.3.16
2022-03-05 10:51:55 429  [main] INFO  com.ysj.project.ProjectApplication - No active profile set, falling back to 1 default profile: "default"
2022-03-05 10:51:56 756  [main] DEBUG o.m.s.b.a.MybatisAutoConfiguration - Searching for mappers annotated with @Mapper
2022-03-05 10:51:56 756  [main] DEBUG o.m.s.b.a.MybatisAutoConfiguration - Using auto-configuration base package 'com.ysj.project'
2022-03-05 10:51:56 845  [main] DEBUG o.apache.ibatis.logging.LogFactory - Logging initialized using 'class org.apache.ibatis.logging.slf4j.Slf4jImpl' adapter.
2022-03-05 10:51:56 847  [main] WARN  o.m.s.mapper.ClassPathMapperScanner - No MyBatis mapper was found in '[com.ysj.project]' package. Please check your configuration.
2022-03-05 10:51:56 1116 [main] INFO  o.a.coyote.http11.Http11NioProtocol - Initializing ProtocolHandler ["http-nio-8080"]
2022-03-05 10:51:56 1116 [main] INFO  o.a.catalina.core.StandardService - Starting service [Tomcat]
2022-03-05 10:51:56 1117 [main] INFO  o.a.catalina.core.StandardEngine - Starting Servlet engine: [Apache Tomcat/9.0.58]
2022-03-05 10:51:56 1179 [main] INFO  o.a.c.c.C.[Tomcat].[localhost].[/] - Initializing Spring embedded WebApplicationContext
2022-03-05 10:51:56 1273 [main] INFO  o.a.catalina.core.StandardService - Stopping service [Tomcat]
2022-03-05 10:52:33 422  [main] INFO  com.ysj.project.ProjectApplication - Starting ProjectApplication using Java 11.0.11 on DESKTOP-DA92OJ6 with PID 6956 (D:\Developer\project\target\classes started by qsz78 in D:\Developer\project)
2022-03-05 10:52:33 429  [main] DEBUG com.ysj.project.ProjectApplication - Running with Spring Boot v2.6.4, Spring v5.3.16
2022-03-05 10:52:33 429  [main] INFO  com.ysj.project.ProjectApplication - No active profile set, falling back to 1 default profile: "default"
2022-03-05 10:52:34 748  [main] DEBUG o.m.s.b.a.MybatisAutoConfiguration - Searching for mappers annotated with @Mapper
2022-03-05 10:52:34 749  [main] DEBUG o.m.s.b.a.MybatisAutoConfiguration - Using auto-configuration base package 'com.ysj.project'
2022-03-05 10:52:34 837  [main] DEBUG o.apache.ibatis.logging.LogFactory - Logging initialized using 'class org.apache.ibatis.logging.slf4j.Slf4jImpl' adapter.
2022-03-05 10:52:34 839  [main] WARN  o.m.s.mapper.ClassPathMapperScanner - No MyBatis mapper was found in '[com.ysj.project]' package. Please check your configuration.
2022-03-05 10:52:34 1115 [main] INFO  o.a.coyote.http11.Http11NioProtocol - Initializing ProtocolHandler ["http-nio-8080"]
2022-03-05 10:52:34 1116 [main] INFO  o.a.catalina.core.StandardService - Starting service [Tomcat]
2022-03-05 10:52:34 1116 [main] INFO  o.a.catalina.core.StandardEngine - Starting Servlet engine: [Apache Tomcat/9.0.58]
2022-03-05 10:52:34 1181 [main] INFO  o.a.c.c.C.[Tomcat].[localhost].[/] - Initializing Spring embedded WebApplicationContext
2022-03-05 10:52:34 1277 [main] INFO  o.a.catalina.core.StandardService - Stopping service [Tomcat]
2022-03-05 10:58:00 637  [main] INFO  c.y.project.ProjectApplicationTests - Starting ProjectApplicationTests using Java 11.0.11 on DESKTOP-DA92OJ6 with PID 6672 (started by qsz78 in D:\Developer\project)
2022-03-05 10:58:00 643  [main] DEBUG c.y.project.ProjectApplicationTests - Running with Spring Boot v2.6.4, Spring v5.3.16
2022-03-05 10:58:00 643  [main] INFO  c.y.project.ProjectApplicationTests - No active profile set, falling back to 1 default profile: "default"
2022-03-05 10:58:00 1010 [main] DEBUG o.m.s.b.a.MybatisAutoConfiguration - Searching for mappers annotated with @Mapper
2022-03-05 10:58:00 1010 [main] DEBUG o.m.s.b.a.MybatisAutoConfiguration - Using auto-configuration base package 'com.ysj.project'
2022-03-05 10:58:00 1116 [main] DEBUG o.apache.ibatis.logging.LogFactory - Logging initialized using 'class org.apache.ibatis.logging.slf4j.Slf4jImpl' adapter.
2022-03-05 10:58:00 1119 [main] WARN  o.m.s.mapper.ClassPathMapperScanner - No MyBatis mapper was found in '[com.ysj.project]' package. Please check your configuration.
2022-03-05 11:00:08 630  [main] INFO  c.y.project.ProjectApplicationTests - Starting ProjectApplicationTests using Java 11.0.11 on DESKTOP-DA92OJ6 with PID 11124 (started by qsz78 in D:\Developer\project)
2022-03-05 11:00:08 637  [main] DEBUG c.y.project.ProjectApplicationTests - Running with Spring Boot v2.6.4, Spring v5.3.16
2022-03-05 11:00:08 638  [main] INFO  c.y.project.ProjectApplicationTests - No active profile set, falling back to 1 default profile: "default"
2022-03-05 11:00:09 1007 [main] DEBUG o.m.s.b.a.MybatisAutoConfiguration - Searching for mappers annotated with @Mapper
2022-03-05 11:00:09 1008 [main] DEBUG o.m.s.b.a.MybatisAutoConfiguration - Using auto-configuration base package 'com.ysj.project'
2022-03-05 11:00:09 1119 [main] DEBUG o.apache.ibatis.logging.LogFactory - Logging initialized using 'class org.apache.ibatis.logging.slf4j.Slf4jImpl' adapter.
2022-03-05 11:00:09 1122 [main] WARN  o.m.s.mapper.ClassPathMapperScanner - No MyBatis mapper was found in '[com.ysj.project]' package. Please check your configuration.
2022-03-05 11:01:03 621  [main] INFO  c.y.project.ProjectApplicationTests - Starting ProjectApplicationTests using Java 11.0.11 on DESKTOP-DA92OJ6 with PID 2892 (started by qsz78 in D:\Developer\project)
2022-03-05 11:01:03 627  [main] DEBUG c.y.project.ProjectApplicationTests - Running with Spring Boot v2.6.4, Spring v5.3.16
2022-03-05 11:01:03 627  [main] INFO  c.y.project.ProjectApplicationTests - No active profile set, falling back to 1 default profile: "default"
2022-03-05 11:01:04 1008 [main] DEBUG o.m.s.b.a.MybatisAutoConfiguration - Searching for mappers annotated with @Mapper
2022-03-05 11:01:04 1009 [main] DEBUG o.m.s.b.a.MybatisAutoConfiguration - Using auto-configuration base package 'com.ysj.project'
2022-03-05 11:01:04 1122 [main] DEBUG o.apache.ibatis.logging.LogFactory - Logging initialized using 'class org.apache.ibatis.logging.slf4j.Slf4jImpl' adapter.
2022-03-05 11:01:04 1125 [main] WARN  o.m.s.mapper.ClassPathMapperScanner - No MyBatis mapper was found in '[com.ysj.project]' package. Please check your configuration.
2022-03-05 11:03:03 422  [main] INFO  com.ysj.project.ProjectApplication - Starting ProjectApplication using Java 11.0.11 on DESKTOP-DA92OJ6 with PID 15756 (D:\Developer\project\target\classes started by qsz78 in D:\Developer\project)
2022-03-05 11:03:03 428  [main] DEBUG com.ysj.project.ProjectApplication - Running with Spring Boot v2.6.4, Spring v5.3.16
2022-03-05 11:03:03 429  [main] INFO  com.ysj.project.ProjectApplication - No active profile set, falling back to 1 default profile: "default"
2022-03-05 11:03:03 742  [main] DEBUG o.m.s.b.a.MybatisAutoConfiguration - Searching for mappers annotated with @Mapper
2022-03-05 11:03:03 743  [main] DEBUG o.m.s.b.a.MybatisAutoConfiguration - Using auto-configuration base package 'com.ysj.project'
2022-03-05 11:03:03 831  [main] DEBUG o.apache.ibatis.logging.LogFactory - Logging initialized using 'class org.apache.ibatis.logging.slf4j.Slf4jImpl' adapter.
2022-03-05 11:03:03 833  [main] WARN  o.m.s.mapper.ClassPathMapperScanner - No MyBatis mapper was found in '[com.ysj.project]' package. Please check your configuration.
2022-03-05 11:03:03 1106 [main] INFO  o.a.coyote.http11.Http11NioProtocol - Initializing ProtocolHandler ["http-nio-8080"]
2022-03-05 11:03:03 1107 [main] INFO  o.a.catalina.core.StandardService - Starting service [Tomcat]
2022-03-05 11:03:03 1107 [main] INFO  o.a.catalina.core.StandardEngine - Starting Servlet engine: [Apache Tomcat/9.0.58]
2022-03-05 11:03:03 1168 [main] INFO  o.a.c.c.C.[Tomcat].[localhost].[/] - Initializing Spring embedded WebApplicationContext
2022-03-05 11:03:04 1267 [main] INFO  o.a.catalina.core.StandardService - Stopping service [Tomcat]
2022-03-05 11:03:23 420  [main] INFO  com.ysj.project.ProjectApplication - Starting ProjectApplication using Java 11.0.11 on DESKTOP-DA92OJ6 with PID 14028 (D:\Developer\project\target\classes started by qsz78 in D:\Developer\project)
2022-03-05 11:03:23 426  [main] DEBUG com.ysj.project.ProjectApplication - Running with Spring Boot v2.6.4, Spring v5.3.16
2022-03-05 11:03:23 426  [main] INFO  com.ysj.project.ProjectApplication - No active profile set, falling back to 1 default profile: "default"
2022-03-05 11:03:24 746  [main] DEBUG o.m.s.b.a.MybatisAutoConfiguration - Searching for mappers annotated with @Mapper
2022-03-05 11:03:24 746  [main] DEBUG o.m.s.b.a.MybatisAutoConfiguration - Using auto-configuration base package 'com.ysj.project'
2022-03-05 11:03:24 835  [main] DEBUG o.apache.ibatis.logging.LogFactory - Logging initialized using 'class org.apache.ibatis.logging.slf4j.Slf4jImpl' adapter.
2022-03-05 11:03:24 837  [main] WARN  o.m.s.mapper.ClassPathMapperScanner - No MyBatis mapper was found in '[com.ysj.project]' package. Please check your configuration.
2022-03-05 11:03:24 1115 [main] INFO  o.a.coyote.http11.Http11NioProtocol - Initializing ProtocolHandler ["http-nio-8080"]
2022-03-05 11:03:24 1115 [main] INFO  o.a.catalina.core.StandardService - Starting service [Tomcat]
2022-03-05 11:03:24 1116 [main] INFO  o.a.catalina.core.StandardEngine - Starting Servlet engine: [Apache Tomcat/9.0.58]
2022-03-05 11:03:24 1182 [main] INFO  o.a.c.c.C.[Tomcat].[localhost].[/] - Initializing Spring embedded WebApplicationContext
2022-03-05 11:03:24 1289 [main] INFO  o.a.catalina.core.StandardService - Stopping service [Tomcat]
2022-03-05 11:04:00 429  [main] INFO  com.ysj.project.ProjectApplication - Starting ProjectApplication using Java 11.0.11 on DESKTOP-DA92OJ6 with PID 11384 (D:\Developer\project\target\classes started by qsz78 in D:\Developer\project)
2022-03-05 11:04:00 435  [main] DEBUG com.ysj.project.ProjectApplication - Running with Spring Boot v2.6.4, Spring v5.3.16
2022-03-05 11:04:00 436  [main] INFO  com.ysj.project.ProjectApplication - No active profile set, falling back to 1 default profile: "default"
2022-03-05 11:04:00 757  [main] DEBUG o.m.s.b.a.MybatisAutoConfiguration - Searching for mappers annotated with @Mapper
2022-03-05 11:04:00 758  [main] DEBUG o.m.s.b.a.MybatisAutoConfiguration - Using auto-configuration base package 'com.ysj.project'
2022-03-05 11:04:00 847  [main] DEBUG o.apache.ibatis.logging.LogFactory - Logging initialized using 'class org.apache.ibatis.logging.slf4j.Slf4jImpl' adapter.
2022-03-05 11:04:00 849  [main] WARN  o.m.s.mapper.ClassPathMapperScanner - No MyBatis mapper was found in '[com.ysj.project]' package. Please check your configuration.
2022-03-05 11:04:00 1114 [main] INFO  o.a.coyote.http11.Http11NioProtocol - Initializing ProtocolHandler ["http-nio-8080"]
2022-03-05 11:04:00 1115 [main] INFO  o.a.catalina.core.StandardService - Starting service [Tomcat]
2022-03-05 11:04:00 1115 [main] INFO  o.a.catalina.core.StandardEngine - Starting Servlet engine: [Apache Tomcat/9.0.58]
2022-03-05 11:04:00 1181 [main] INFO  o.a.c.c.C.[Tomcat].[localhost].[/] - Initializing Spring embedded WebApplicationContext
2022-03-05 11:04:01 1284 [main] INFO  o.a.catalina.core.StandardService - Stopping service [Tomcat]
2022-03-05 11:05:46 436  [main] INFO  com.ysj.project.ProjectApplication - Starting ProjectApplication using Java 11.0.11 on DESKTOP-DA92OJ6 with PID 10328 (D:\Developer\project\target\classes started by qsz78 in D:\Developer\project)
2022-03-05 11:05:46 442  [main] DEBUG com.ysj.project.ProjectApplication - Running with Spring Boot v2.6.4, Spring v5.3.16
2022-03-05 11:05:46 443  [main] INFO  com.ysj.project.ProjectApplication - No active profile set, falling back to 1 default profile: "default"
2022-03-05 11:05:47 766  [main] DEBUG o.m.s.b.a.MybatisAutoConfiguration - Searching for mappers annotated with @Mapper
2022-03-05 11:05:47 766  [main] DEBUG o.m.s.b.a.MybatisAutoConfiguration - Using auto-configuration base package 'com.ysj.project'
2022-03-05 11:05:47 855  [main] DEBUG o.apache.ibatis.logging.LogFactory - Logging initialized using 'class org.apache.ibatis.logging.slf4j.Slf4jImpl' adapter.
2022-03-05 11:05:47 857  [main] WARN  o.m.s.mapper.ClassPathMapperScanner - No MyBatis mapper was found in '[com.ysj.project]' package. Please check your configuration.
2022-03-05 11:05:47 1129 [main] INFO  o.a.coyote.http11.Http11NioProtocol - Initializing ProtocolHandler ["http-nio-8080"]
2022-03-05 11:05:47 1129 [main] INFO  o.a.catalina.core.StandardService - Starting service [Tomcat]
2022-03-05 11:05:47 1129 [main] INFO  o.a.catalina.core.StandardEngine - Starting Servlet engine: [Apache Tomcat/9.0.58]
2022-03-05 11:05:47 1192 [main] INFO  o.a.c.c.C.[Tomcat].[localhost].[/] - Initializing Spring embedded WebApplicationContext
2022-03-05 11:05:47 1291 [main] INFO  o.a.catalina.core.StandardService - Stopping service [Tomcat]
2022-03-05 11:06:35 414  [main] INFO  com.ysj.project.ProjectApplication - Starting ProjectApplication using Java 11.0.11 on DESKTOP-DA92OJ6 with PID 18232 (D:\Developer\project\target\classes started by qsz78 in D:\Developer\project)
2022-03-05 11:06:35 421  [main] DEBUG com.ysj.project.ProjectApplication - Running with Spring Boot v2.6.4, Spring v5.3.16
2022-03-05 11:06:35 421  [main] INFO  com.ysj.project.ProjectApplication - No active profile set, falling back to 1 default profile: "default"
2022-03-05 11:06:35 741  [main] DEBUG o.m.s.b.a.MybatisAutoConfiguration - Searching for mappers annotated with @Mapper
2022-03-05 11:06:35 741  [main] DEBUG o.m.s.b.a.MybatisAutoConfiguration - Using auto-configuration base package 'com.ysj.project'
2022-03-05 11:06:35 829  [main] DEBUG o.apache.ibatis.logging.LogFactory - Logging initialized using 'class org.apache.ibatis.logging.slf4j.Slf4jImpl' adapter.
2022-03-05 11:06:35 831  [main] WARN  o.m.s.mapper.ClassPathMapperScanner - No MyBatis mapper was found in '[com.ysj.project]' package. Please check your configuration.
2022-03-05 11:06:36 1099 [main] INFO  o.a.coyote.http11.Http11NioProtocol - Initializing ProtocolHandler ["http-nio-8080"]
2022-03-05 11:06:36 1099 [main] INFO  o.a.catalina.core.StandardService - Starting service [Tomcat]
2022-03-05 11:06:36 1099 [main] INFO  o.a.catalina.core.StandardEngine - Starting Servlet engine: [Apache Tomcat/9.0.58]
2022-03-05 11:06:36 1171 [main] INFO  o.a.c.c.C.[Tomcat].[localhost].[/] - Initializing Spring embedded WebApplicationContext
2022-03-05 11:06:36 1269 [main] INFO  o.a.catalina.core.StandardService - Stopping service [Tomcat]
2022-03-05 11:06:45 425  [main] INFO  com.ysj.project.ProjectApplication - Starting ProjectApplication using Java 11.0.11 on DESKTOP-DA92OJ6 with PID 7732 (D:\Developer\project\target\classes started by qsz78 in D:\Developer\project)
2022-03-05 11:06:45 431  [main] DEBUG com.ysj.project.ProjectApplication - Running with Spring Boot v2.6.4, Spring v5.3.16
2022-03-05 11:06:45 431  [main] INFO  com.ysj.project.ProjectApplication - No active profile set, falling back to 1 default profile: "default"
2022-03-05 11:06:46 751  [main] DEBUG o.m.s.b.a.MybatisAutoConfiguration - Searching for mappers annotated with @Mapper
2022-03-05 11:06:46 751  [main] DEBUG o.m.s.b.a.MybatisAutoConfiguration - Using auto-configuration base package 'com.ysj.project'
2022-03-05 11:06:46 837  [main] DEBUG o.apache.ibatis.logging.LogFactory - Logging initialized using 'class org.apache.ibatis.logging.slf4j.Slf4jImpl' adapter.
2022-03-05 11:06:46 839  [main] WARN  o.m.s.mapper.ClassPathMapperScanner - No MyBatis mapper was found in '[com.ysj.project]' package. Please check your configuration.
2022-03-05 11:06:46 1102 [main] INFO  o.a.coyote.http11.Http11NioProtocol - Initializing ProtocolHandler ["http-nio-8080"]
2022-03-05 11:06:46 1103 [main] INFO  o.a.catalina.core.StandardService - Starting service [Tomcat]
2022-03-05 11:06:46 1103 [main] INFO  o.a.catalina.core.StandardEngine - Starting Servlet engine: [Apache Tomcat/9.0.58]
2022-03-05 11:06:46 1178 [main] INFO  o.a.c.c.C.[Tomcat].[localhost].[/] - Initializing Spring embedded WebApplicationContext
2022-03-05 11:06:46 1218 [main] INFO  o.a.catalina.core.StandardService - Stopping service [Tomcat]
2022-03-05 11:08:04 416  [main] INFO  com.ysj.project.ProjectApplication - Starting ProjectApplication using Java 11.0.11 on DESKTOP-DA92OJ6 with PID 10888 (D:\Developer\project\target\classes started by qsz78 in D:\Developer\project)
2022-03-05 11:08:04 422  [main] DEBUG com.ysj.project.ProjectApplication - Running with Spring Boot v2.6.4, Spring v5.3.16
2022-03-05 11:08:04 422  [main] INFO  com.ysj.project.ProjectApplication - No active profile set, falling back to 1 default profile: "default"
2022-03-05 11:08:04 737  [main] DEBUG o.m.s.b.a.MybatisAutoConfiguration - Searching for mappers annotated with @Mapper
2022-03-05 11:08:04 737  [main] DEBUG o.m.s.b.a.MybatisAutoConfiguration - Using auto-configuration base package 'com.ysj.project'
2022-03-05 11:08:04 823  [main] DEBUG o.apache.ibatis.logging.LogFactory - Logging initialized using 'class org.apache.ibatis.logging.slf4j.Slf4jImpl' adapter.
2022-03-05 11:08:04 825  [main] WARN  o.m.s.mapper.ClassPathMapperScanner - No MyBatis mapper was found in '[com.ysj.project]' package. Please check your configuration.
2022-03-05 11:08:05 1096 [main] INFO  o.a.coyote.http11.Http11NioProtocol - Initializing ProtocolHandler ["http-nio-8080"]
2022-03-05 11:08:05 1097 [main] INFO  o.a.catalina.core.StandardService - Starting service [Tomcat]
2022-03-05 11:08:05 1097 [main] INFO  o.a.catalina.core.StandardEngine - Starting Servlet engine: [Apache Tomcat/9.0.58]
2022-03-05 11:08:05 1160 [main] INFO  o.a.c.c.C.[Tomcat].[localhost].[/] - Initializing Spring embedded WebApplicationContext
2022-03-05 11:08:05 1258 [main] INFO  o.a.catalina.core.StandardService - Stopping service [Tomcat]
2022-03-05 11:12:12 422  [main] INFO  com.ysj.project.ProjectApplication - Starting ProjectApplication using Java 11.0.11 on DESKTOP-DA92OJ6 with PID 15908 (D:\Developer\project\target\classes started by qsz78 in D:\Developer\project)
2022-03-05 11:12:12 428  [main] DEBUG com.ysj.project.ProjectApplication - Running with Spring Boot v2.6.4, Spring v5.3.16
2022-03-05 11:12:12 428  [main] INFO  com.ysj.project.ProjectApplication - No active profile set, falling back to 1 default profile: "default"
2022-03-05 11:12:12 746  [main] DEBUG o.m.s.b.a.MybatisAutoConfiguration - Searching for mappers annotated with @Mapper
2022-03-05 11:12:12 746  [main] DEBUG o.m.s.b.a.MybatisAutoConfiguration - Using auto-configuration base package 'com.ysj.project'
2022-03-05 11:12:12 833  [main] DEBUG o.apache.ibatis.logging.LogFactory - Logging initialized using 'class org.apache.ibatis.logging.slf4j.Slf4jImpl' adapter.
2022-03-05 11:12:12 835  [main] WARN  o.m.s.mapper.ClassPathMapperScanner - No MyBatis mapper was found in '[com.ysj.project]' package. Please check your configuration.
2022-03-05 11:12:13 1099 [main] INFO  o.a.coyote.http11.Http11NioProtocol - Initializing ProtocolHandler ["http-nio-8080"]
2022-03-05 11:12:13 1099 [main] INFO  o.a.catalina.core.StandardService - Starting service [Tomcat]
2022-03-05 11:12:13 1099 [main] INFO  o.a.catalina.core.StandardEngine - Starting Servlet engine: [Apache Tomcat/9.0.58]
2022-03-05 11:12:13 1169 [main] INFO  o.a.c.c.C.[Tomcat].[localhost].[/] - Initializing Spring embedded WebApplicationContext
2022-03-05 11:12:13 1266 [main] INFO  o.a.catalina.core.StandardService - Stopping service [Tomcat]
2022-03-05 11:18:53 633  [main] INFO  com.ysj.project.DBTest - Starting DBTest using Java 11.0.11 on DESKTOP-DA92OJ6 with PID 9712 (started by qsz78 in D:\Developer\project)
2022-03-05 11:18:53 639  [main] DEBUG com.ysj.project.DBTest - Running with Spring Boot v2.6.4, Spring v5.3.16
2022-03-05 11:18:53 640  [main] INFO  com.ysj.project.DBTest - No active profile set, falling back to 1 default profile: "default"
2022-03-05 11:18:53 1016 [main] DEBUG o.m.s.b.a.MybatisAutoConfiguration - Searching for mappers annotated with @Mapper
2022-03-05 11:18:53 1017 [main] DEBUG o.m.s.b.a.MybatisAutoConfiguration - Using auto-configuration base package 'com.ysj.project'
2022-03-05 11:18:53 1134 [main] DEBUG o.apache.ibatis.logging.LogFactory - Logging initialized using 'class org.apache.ibatis.logging.slf4j.Slf4jImpl' adapter.
2022-03-05 11:18:53 1138 [main] WARN  o.m.s.mapper.ClassPathMapperScanner - No MyBatis mapper was found in '[com.ysj.project]' package. Please check your configuration.
2022-03-05 11:20:17 606  [main] INFO  c.y.project.ProjectApplicationTests - Starting ProjectApplicationTests using Java 11.0.11 on DESKTOP-DA92OJ6 with PID 8128 (started by qsz78 in D:\Developer\project)
2022-03-05 11:20:17 612  [main] DEBUG c.y.project.ProjectApplicationTests - Running with Spring Boot v2.6.4, Spring v5.3.16
2022-03-05 11:20:17 612  [main] INFO  c.y.project.ProjectApplicationTests - No active profile set, falling back to 1 default profile: "default"
2022-03-05 11:20:18 989  [main] DEBUG o.m.s.b.a.MybatisAutoConfiguration - Searching for mappers annotated with @Mapper
2022-03-05 11:20:18 990  [main] DEBUG o.m.s.b.a.MybatisAutoConfiguration - Using auto-configuration base package 'com.ysj.project'
2022-03-05 11:20:18 1102 [main] DEBUG o.apache.ibatis.logging.LogFactory - Logging initialized using 'class org.apache.ibatis.logging.slf4j.Slf4jImpl' adapter.
2022-03-05 11:20:18 1105 [main] WARN  o.m.s.mapper.ClassPathMapperScanner - No MyBatis mapper was found in '[com.ysj.project]' package. Please check your configuration.
2022-03-05 11:22:45 415  [main] INFO  com.ysj.project.ProjectApplication - Starting ProjectApplication using Java 11.0.11 on DESKTOP-DA92OJ6 with PID 16080 (D:\Developer\project\target\classes started by qsz78 in D:\Developer\project)
2022-03-05 11:22:45 421  [main] DEBUG com.ysj.project.ProjectApplication - Running with Spring Boot v2.6.4, Spring v5.3.16
2022-03-05 11:22:45 421  [main] INFO  com.ysj.project.ProjectApplication - No active profile set, falling back to 1 default profile: "default"
2022-03-05 11:22:45 734  [main] DEBUG o.m.s.b.a.MybatisAutoConfiguration - Searching for mappers annotated with @Mapper
2022-03-05 11:22:45 735  [main] DEBUG o.m.s.b.a.MybatisAutoConfiguration - Using auto-configuration base package 'com.ysj.project'
2022-03-05 11:22:45 824  [main] DEBUG o.apache.ibatis.logging.LogFactory - Logging initialized using 'class org.apache.ibatis.logging.slf4j.Slf4jImpl' adapter.
2022-03-05 11:22:45 825  [main] WARN  o.m.s.mapper.ClassPathMapperScanner - No MyBatis mapper was found in '[com.ysj.project]' package. Please check your configuration.
2022-03-05 11:22:45 1103 [main] INFO  o.a.coyote.http11.Http11NioProtocol - Initializing ProtocolHandler ["http-nio-8080"]
2022-03-05 11:22:45 1104 [main] INFO  o.a.catalina.core.StandardService - Starting service [Tomcat]
2022-03-05 11:22:45 1104 [main] INFO  o.a.catalina.core.StandardEngine - Starting Servlet engine: [Apache Tomcat/9.0.58]
2022-03-05 11:22:45 1167 [main] INFO  o.a.c.c.C.[Tomcat].[localhost].[/] - Initializing Spring embedded WebApplicationContext
2022-03-05 11:22:45 1200 [main] INFO  o.a.catalina.core.StandardService - Stopping service [Tomcat]
2022-03-05 11:24:28 419  [main] INFO  com.ysj.project.ProjectApplication - Starting ProjectApplication using Java 11.0.11 on DESKTOP-DA92OJ6 with PID 8892 (D:\Developer\project\target\classes started by qsz78 in D:\Developer\project)
2022-03-05 11:24:28 425  [main] DEBUG com.ysj.project.ProjectApplication - Running with Spring Boot v2.6.4, Spring v5.3.16
2022-03-05 11:24:28 425  [main] INFO  com.ysj.project.ProjectApplication - No active profile set, falling back to 1 default profile: "default"
2022-03-05 11:24:28 740  [main] DEBUG o.m.s.b.a.MybatisAutoConfiguration - Searching for mappers annotated with @Mapper
2022-03-05 11:24:28 740  [main] DEBUG o.m.s.b.a.MybatisAutoConfiguration - Using auto-configuration base package 'com.ysj.project'
2022-03-05 11:24:28 828  [main] DEBUG o.apache.ibatis.logging.LogFactory - Logging initialized using 'class org.apache.ibatis.logging.slf4j.Slf4jImpl' adapter.
2022-03-05 11:24:28 830  [main] WARN  o.m.s.mapper.ClassPathMapperScanner - No MyBatis mapper was found in '[com.ysj.project]' package. Please check your configuration.
2022-03-05 11:24:28 1096 [main] INFO  o.a.coyote.http11.Http11NioProtocol - Initializing ProtocolHandler ["http-nio-8080"]
2022-03-05 11:24:28 1097 [main] INFO  o.a.catalina.core.StandardService - Starting service [Tomcat]
2022-03-05 11:24:28 1097 [main] INFO  o.a.catalina.core.StandardEngine - Starting Servlet engine: [Apache Tomcat/9.0.58]
2022-03-05 11:24:29 1164 [main] INFO  o.a.c.c.C.[Tomcat].[localhost].[/] - Initializing Spring embedded WebApplicationContext
2022-03-05 11:24:29 1204 [main] INFO  o.a.catalina.core.StandardService - Stopping service [Tomcat]
2022-03-05 11:26:40 623  [main] INFO  c.y.project.ProjectApplicationTests - Starting ProjectApplicationTests using Java 11.0.11 on DESKTOP-DA92OJ6 with PID 13340 (started by qsz78 in D:\Developer\project)
2022-03-05 11:26:40 629  [main] DEBUG c.y.project.ProjectApplicationTests - Running with Spring Boot v2.6.4, Spring v5.3.16
2022-03-05 11:26:40 630  [main] INFO  c.y.project.ProjectApplicationTests - No active profile set, falling back to 1 default profile: "default"
2022-03-05 11:26:40 1001 [main] DEBUG o.m.s.b.a.MybatisAutoConfiguration - Searching for mappers annotated with @Mapper
2022-03-05 11:26:40 1002 [main] DEBUG o.m.s.b.a.MybatisAutoConfiguration - Using auto-configuration base package 'com.ysj.project'
2022-03-05 11:26:40 1110 [main] DEBUG o.apache.ibatis.logging.LogFactory - Logging initialized using 'class org.apache.ibatis.logging.slf4j.Slf4jImpl' adapter.
2022-03-05 11:26:40 1113 [main] WARN  o.m.s.mapper.ClassPathMapperScanner - No MyBatis mapper was found in '[com.ysj.project]' package. Please check your configuration.
2022-03-05 11:28:56 419  [main] INFO  com.ysj.project.ProjectApplication - Starting ProjectApplication using Java 11.0.11 on DESKTOP-DA92OJ6 with PID 10112 (D:\Developer\project\target\classes started by qsz78 in D:\Developer\project)
2022-03-05 11:28:56 426  [main] DEBUG com.ysj.project.ProjectApplication - Running with Spring Boot v2.6.4, Spring v5.3.16
2022-03-05 11:28:56 426  [main] INFO  com.ysj.project.ProjectApplication - No active profile set, falling back to 1 default profile: "default"
2022-03-05 11:28:56 743  [main] DEBUG o.m.s.b.a.MybatisAutoConfiguration - Searching for mappers annotated with @Mapper
2022-03-05 11:28:56 743  [main] DEBUG o.m.s.b.a.MybatisAutoConfiguration - Using auto-configuration base package 'com.ysj.project'
2022-03-05 11:28:56 829  [main] DEBUG o.apache.ibatis.logging.LogFactory - Logging initialized using 'class org.apache.ibatis.logging.slf4j.Slf4jImpl' adapter.
2022-03-05 11:28:56 831  [main] WARN  o.m.s.mapper.ClassPathMapperScanner - No MyBatis mapper was found in '[com.ysj.project]' package. Please check your configuration.
2022-03-05 11:28:56 1103 [main] INFO  o.a.coyote.http11.Http11NioProtocol - Initializing ProtocolHandler ["http-nio-8080"]
2022-03-05 11:28:56 1104 [main] INFO  o.a.catalina.core.StandardService - Starting service [Tomcat]
2022-03-05 11:28:56 1104 [main] INFO  o.a.catalina.core.StandardEngine - Starting Servlet engine: [Apache Tomcat/9.0.58]
2022-03-05 11:28:56 1169 [main] INFO  o.a.c.c.C.[Tomcat].[localhost].[/] - Initializing Spring embedded WebApplicationContext
2022-03-05 11:28:56 1203 [main] INFO  o.a.catalina.core.StandardService - Stopping service [Tomcat]
2022-03-05 11:29:35 429  [main] INFO  com.ysj.project.ProjectApplication - Starting ProjectApplication using Java 11.0.11 on DESKTOP-DA92OJ6 with PID 13988 (D:\Developer\project\target\classes started by qsz78 in D:\Developer\project)
2022-03-05 11:29:35 436  [main] DEBUG com.ysj.project.ProjectApplication - Running with Spring Boot v2.6.4, Spring v5.3.16
2022-03-05 11:29:35 436  [main] INFO  com.ysj.project.ProjectApplication - No active profile set, falling back to 1 default profile: "default"
2022-03-05 11:29:36 765  [main] DEBUG o.m.s.b.a.MybatisAutoConfiguration - Searching for mappers annotated with @Mapper
2022-03-05 11:29:36 766  [main] DEBUG o.m.s.b.a.MybatisAutoConfiguration - Using auto-configuration base package 'com.ysj.project'
2022-03-05 11:29:36 853  [main] DEBUG o.apache.ibatis.logging.LogFactory - Logging initialized using 'class org.apache.ibatis.logging.slf4j.Slf4jImpl' adapter.
2022-03-05 11:29:36 855  [main] WARN  o.m.s.mapper.ClassPathMapperScanner - No MyBatis mapper was found in '[com.ysj.project]' package. Please check your configuration.
2022-03-05 11:29:36 1126 [main] INFO  o.a.coyote.http11.Http11NioProtocol - Initializing ProtocolHandler ["http-nio-8080"]
2022-03-05 11:29:36 1126 [main] INFO  o.a.catalina.core.StandardService - Starting service [Tomcat]
2022-03-05 11:29:36 1127 [main] INFO  o.a.catalina.core.StandardEngine - Starting Servlet engine: [Apache Tomcat/9.0.58]
2022-03-05 11:29:36 1191 [main] INFO  o.a.c.c.C.[Tomcat].[localhost].[/] - Initializing Spring embedded WebApplicationContext
2022-03-05 11:29:36 1287 [main] INFO  o.a.catalina.core.StandardService - Stopping service [Tomcat]
2022-03-05 11:30:37 413  [main] INFO  com.ysj.project.ProjectApplication - Starting ProjectApplication using Java 11.0.11 on DESKTOP-DA92OJ6 with PID 16644 (D:\Developer\project\target\classes started by qsz78 in D:\Developer\project)
2022-03-05 11:30:37 419  [main] DEBUG com.ysj.project.ProjectApplication - Running with Spring Boot v2.6.4, Spring v5.3.16
2022-03-05 11:30:37 420  [main] INFO  com.ysj.project.ProjectApplication - No active profile set, falling back to 1 default profile: "default"
2022-03-05 11:30:37 725  [main] DEBUG o.m.s.b.a.MybatisAutoConfiguration - Searching for mappers annotated with @Mapper
2022-03-05 11:30:37 725  [main] DEBUG o.m.s.b.a.MybatisAutoConfiguration - Using auto-configuration base package 'com.ysj.project'
2022-03-05 11:30:37 810  [main] DEBUG o.apache.ibatis.logging.LogFactory - Logging initialized using 'class org.apache.ibatis.logging.slf4j.Slf4jImpl' adapter.
2022-03-05 11:30:37 812  [main] WARN  o.m.s.mapper.ClassPathMapperScanner - No MyBatis mapper was found in '[com.ysj.project]' package. Please check your configuration.
2022-03-05 11:30:38 1081 [main] INFO  o.a.coyote.http11.Http11NioProtocol - Initializing ProtocolHandler ["http-nio-8080"]
2022-03-05 11:30:38 1081 [main] INFO  o.a.catalina.core.StandardService - Starting service [Tomcat]
2022-03-05 11:30:38 1081 [main] INFO  o.a.catalina.core.StandardEngine - Starting Servlet engine: [Apache Tomcat/9.0.58]
2022-03-05 11:30:38 1144 [main] INFO  o.a.c.c.C.[Tomcat].[localhost].[/] - Initializing Spring embedded WebApplicationContext
2022-03-05 11:30:38 1179 [main] INFO  o.a.catalina.core.StandardService - Stopping service [Tomcat]
2022-03-05 11:31:10 421  [main] INFO  com.ysj.project.ProjectApplication - Starting ProjectApplication using Java 11.0.11 on DESKTOP-DA92OJ6 with PID 12524 (D:\Developer\project\target\classes started by qsz78 in D:\Developer\project)
2022-03-05 11:31:10 427  [main] DEBUG com.ysj.project.ProjectApplication - Running with Spring Boot v2.6.4, Spring v5.3.16
2022-03-05 11:31:10 428  [main] INFO  com.ysj.project.ProjectApplication - No active profile set, falling back to 1 default profile: "default"
2022-03-05 11:31:10 738  [main] DEBUG o.m.s.b.a.MybatisAutoConfiguration - Searching for mappers annotated with @Mapper
2022-03-05 11:31:10 738  [main] DEBUG o.m.s.b.a.MybatisAutoConfiguration - Using auto-configuration base package 'com.ysj.project'
2022-03-05 11:31:10 827  [main] DEBUG o.apache.ibatis.logging.LogFactory - Logging initialized using 'class org.apache.ibatis.logging.slf4j.Slf4jImpl' adapter.
2022-03-05 11:31:10 828  [main] WARN  o.m.s.mapper.ClassPathMapperScanner - No MyBatis mapper was found in '[com.ysj.project]' package. Please check your configuration.
2022-03-05 11:31:11 1096 [main] INFO  o.a.coyote.http11.Http11NioProtocol - Initializing ProtocolHandler ["http-nio-8080"]
2022-03-05 11:31:11 1097 [main] INFO  o.a.catalina.core.StandardService - Starting service [Tomcat]
2022-03-05 11:31:11 1097 [main] INFO  o.a.catalina.core.StandardEngine - Starting Servlet engine: [Apache Tomcat/9.0.58]
2022-03-05 11:31:11 1159 [main] INFO  o.a.c.c.C.[Tomcat].[localhost].[/] - Initializing Spring embedded WebApplicationContext
2022-03-05 11:31:11 1194 [main] INFO  o.a.catalina.core.StandardService - Stopping service [Tomcat]
2022-03-05 11:31:22 425  [main] INFO  com.ysj.project.ProjectApplication - Starting ProjectApplication using Java 11.0.11 on DESKTOP-DA92OJ6 with PID 16964 (D:\Developer\project\target\classes started by qsz78 in D:\Developer\project)
2022-03-05 11:31:22 432  [main] DEBUG com.ysj.project.ProjectApplication - Running with Spring Boot v2.6.4, Spring v5.3.16
2022-03-05 11:31:22 432  [main] INFO  com.ysj.project.ProjectApplication - No active profile set, falling back to 1 default profile: "default"
2022-03-05 11:31:23 744  [main] DEBUG o.m.s.b.a.MybatisAutoConfiguration - Searching for mappers annotated with @Mapper
2022-03-05 11:31:23 745  [main] DEBUG o.m.s.b.a.MybatisAutoConfiguration - Using auto-configuration base package 'com.ysj.project'
2022-03-05 11:31:23 831  [main] DEBUG o.apache.ibatis.logging.LogFactory - Logging initialized using 'class org.apache.ibatis.logging.slf4j.Slf4jImpl' adapter.
2022-03-05 11:31:23 833  [main] WARN  o.m.s.mapper.ClassPathMapperScanner - No MyBatis mapper was found in '[com.ysj.project]' package. Please check your configuration.
2022-03-05 11:31:23 1105 [main] INFO  o.a.coyote.http11.Http11NioProtocol - Initializing ProtocolHandler ["http-nio-8080"]
2022-03-05 11:31:23 1105 [main] INFO  o.a.catalina.core.StandardService - Starting service [Tomcat]
2022-03-05 11:31:23 1105 [main] INFO  o.a.catalina.core.StandardEngine - Starting Servlet engine: [Apache Tomcat/9.0.58]
2022-03-05 11:31:23 1170 [main] INFO  o.a.c.c.C.[Tomcat].[localhost].[/] - Initializing Spring embedded WebApplicationContext
2022-03-05 11:31:23 1269 [main] INFO  o.a.catalina.core.StandardService - Stopping service [Tomcat]
2022-03-05 11:33:56 426  [main] INFO  com.ysj.project.ProjectApplication - Starting ProjectApplication using Java 11.0.11 on DESKTOP-DA92OJ6 with PID 2920 (D:\Developer\project\target\classes started by qsz78 in D:\Developer\project)
2022-03-05 11:33:56 432  [main] DEBUG com.ysj.project.ProjectApplication - Running with Spring Boot v2.6.4, Spring v5.3.16
2022-03-05 11:33:56 433  [main] INFO  com.ysj.project.ProjectApplication - No active profile set, falling back to 1 default profile: "default"
2022-03-05 11:33:56 746  [main] DEBUG o.m.s.b.a.MybatisAutoConfiguration - Searching for mappers annotated with @Mapper
2022-03-05 11:33:56 747  [main] DEBUG o.m.s.b.a.MybatisAutoConfiguration - Using auto-configuration base package 'com.ysj.project'
2022-03-05 11:33:56 835  [main] DEBUG o.apache.ibatis.logging.LogFactory - Logging initialized using 'class org.apache.ibatis.logging.slf4j.Slf4jImpl' adapter.
2022-03-05 11:33:56 837  [main] WARN  o.m.s.mapper.ClassPathMapperScanner - No MyBatis mapper was found in '[com.ysj.project]' package. Please check your configuration.
2022-03-05 11:33:56 1108 [main] INFO  o.a.coyote.http11.Http11NioProtocol - Initializing ProtocolHandler ["http-nio-8080"]
2022-03-05 11:33:56 1108 [main] INFO  o.a.catalina.core.StandardService - Starting service [Tomcat]
2022-03-05 11:33:56 1108 [main] INFO  o.a.catalina.core.StandardEngine - Starting Servlet engine: [Apache Tomcat/9.0.58]
2022-03-05 11:33:56 1171 [main] INFO  o.a.c.c.C.[Tomcat].[localhost].[/] - Initializing Spring embedded WebApplicationContext
2022-03-05 11:33:56 1205 [main] INFO  o.a.catalina.core.StandardService - Stopping service [Tomcat]
